DONE Contract SO02818-01 (Christelle HUE): so SO02818 has coupon JEXGJQ8RK9
DONE Contract SO02840-01 (Damery Prache): so SO02840 has coupon MH2X6WGQVK
INFO Contract SO02943-01 (Martine Piper): error parsing phone number +49 781 20553099.  004915221981159
DONE Contract SO02943-01 (Martine Piper): so SO02943 has coupon IY7ZITLIT4
DONE Contract SO03182-01 (Christophe Mahé Josse): so SO03182 has coupon 5B141IHNBW
DONE Contract SO03237-01 (Marlène Segura LA MALINERIE): so SO03237 has coupon Q4N9L3HZ9N
DONE Contract SO03465-01 (marie therese tissot savet): so SO03465 has coupon GZ7N0O7OMQ
DONE Contract SO03537-01 (Michail Henry): so SO03537 has coupon 2JF6GEKMZQ
DONE Contract SO03566-01 (Elisabeth Koepf): so SO03566 has coupon ESFXTKJWV2
DONE Contract SO03641-01 (Léa Brusselle): so SO03641 has coupon 6KXPKE0LUE
DONE Contract SO03996-01 (Frederic ISRAEL): so SO03996 has coupon H9KPGWGX4K
DONE Contract SO04218-01 (Karen Leech): so SO04218 has coupon OOBNJ6299G
DONE Contract SO04392-01 (Benoît Peyrani): so SO04392 has coupon 52KIVA1KC5
DONE Contract SO04419-01 (Sébastien Jean): so SO04419 has coupon 311E8OYXLS
DONE Contract SO04449-01 (Sonia Provençal): so SO04449 has coupon T34DQMPTNZ
DONE Contract SO04588-01 (Alexandre Tambini): so SO04588 has coupon Z2BM0M5TGB
DONE Contract SO04694-01 (Stéphanie Couvreur): so SO04694 has coupon 6M77SY7B76
DONE Contract SO05006-01 (Nérina PERNET): so SO05006 has coupon YCJC8DU9LX
DONE Contract SO05013-01 (isabelle boyer - Collectif des associations citoyennes): so SO05013 has coupon PPSB553AIM
DONE Contract SO05556-01 (Amelie Catheline): so SO05556 has coupon P0HK8WQD2F
INFO Contract SO06107-01 (Jonathan Robert): has key 79d1b2bc64827a17daa845465fb37e3b361b3ac9cc6278c998236bde3c2f3c5c
DONE Contract SO06107-01 (Jonathan Robert): so SO06107 has coupon XLERVTEVBC
DONE Contract SO06186-01 (Philippe CAMUS): so SO06186 has coupon XT2LUDVF2I
DONE Contract SO06347-01 (Joséphine Martin): so SO06347 has coupon JL0KWPD6L4
DONE Contract SO06402-01 (Clément  MALNORY): so SO06402 has coupon 6SKI393XIG
INFO Contract SO06819-01 (Nicolas Gif-Fino): has key 0ae232a9f1356472f2d1264e650bf182e858f4791356c4334ee970185f2755a0
DONE Contract SO06819-01 (Nicolas Gif-Fino): so SO06819 has coupon MLVB4R4HL3
DONE Contract SO06826-01 (Johan Monteillet): so SO06826 has coupon 5R20XV6XGV
DONE Contract SO07585-01 (Claire Cantenot Jublier): so SO07585 has coupon Q3N2FTLWQK
DONE Contract SO07635-01 (Bruno LEPINTE): so SO07635 has coupon ZJ48HZ0UM4
DONE Contract SO356-01 (Etienne DAL): so SO356 has coupon 5IM3E5PLTW
